<?xml version="1.0" encoding="UTF-8"?>
<robot generator="Robot 7.2.2 (Python 3.13.3 on darwin)" generated="2025-04-19T00:34:54.228490" rpa="false" schemaversion="5">
<suite id="s1" name="Tests" source="/Users/raghav/Desktop/backend/cpap-firmware-simulator/tests">
<suite id="s1-s1" name="Firmware Failure Test" source="/Users/raghav/Desktop/backend/cpap-firmware-simulator/tests/firmware_failure_test.robot">
<test id="s1-s1-t1" name="Simulate Update Interruption" line="6">
<kw name="Run Process" owner="Process">
<msg time="2025-04-19T00:34:54.254629" level="INFO">Starting process:
python3 scripts/simulate_failure.py</msg>
<msg time="2025-04-19T00:34:54.257763" level="INFO">Waiting for process to complete.</msg>
<msg time="2025-04-19T00:34:54.315327" level="INFO">Process completed.</msg>
<arg>python3</arg>
<arg>scripts/simulate_failure.py</arg>
<doc>Runs a process and waits for it to complete.</doc>
<status status="PASS" start="2025-04-19T00:34:54.254411" elapsed="0.061118"/>
</kw>
<kw name="Run Process" owner="Process">
<msg time="2025-04-19T00:34:54.316237" level="INFO">Starting process:
python3 scripts/validate_firmware.py</msg>
<msg time="2025-04-19T00:34:54.318873" level="INFO">Waiting for process to complete.</msg>
<msg time="2025-04-19T00:34:54.376902" level="INFO">Process completed.</msg>
<arg>python3</arg>
<arg>scripts/validate_firmware.py</arg>
<doc>Runs a process and waits for it to complete.</doc>
<status status="PASS" start="2025-04-19T00:34:54.315941" elapsed="0.061157"/>
</kw>
<status status="PASS" start="2025-04-19T00:34:54.253746" elapsed="0.123677"/>
</test>
<status status="PASS" start="2025-04-19T00:34:54.247596" elapsed="0.130258"/>
</suite>
<suite id="s1-s2" name="Firmware Recovery Test" source="/Users/raghav/Desktop/backend/cpap-firmware-simulator/tests/firmware_recovery_test.robot">
<test id="s1-s2-t1" name="Rollback After Failed Update" line="6">
<kw name="Run Process" owner="Process">
<msg time="2025-04-19T00:34:54.380194" level="INFO">Starting process:
python3 scripts/simulate_failure.py</msg>
<msg time="2025-04-19T00:34:54.382979" level="INFO">Waiting for process to complete.</msg>
<msg time="2025-04-19T00:34:54.441410" level="INFO">Process completed.</msg>
<arg>python3</arg>
<arg>scripts/simulate_failure.py</arg>
<doc>Runs a process and waits for it to complete.</doc>
<status status="PASS" start="2025-04-19T00:34:54.380024" elapsed="0.061603"/>
</kw>
<kw name="Run Process" owner="Process">
<msg time="2025-04-19T00:34:54.442272" level="INFO">Starting process:
python3 scripts/validate_firmware.py</msg>
<msg time="2025-04-19T00:34:54.444841" level="INFO">Waiting for process to complete.</msg>
<msg time="2025-04-19T00:34:54.500188" level="INFO">Process completed.</msg>
<arg>python3</arg>
<arg>scripts/validate_firmware.py</arg>
<doc>Runs a process and waits for it to complete.</doc>
<status status="PASS" start="2025-04-19T00:34:54.441995" elapsed="0.058369"/>
</kw>
<kw name="Run Process" owner="Process">
<msg time="2025-04-19T00:34:54.500995" level="INFO">Starting process:
python3 scripts/rollback.py</msg>
<msg time="2025-04-19T00:34:54.503639" level="INFO">Waiting for process to complete.</msg>
<msg time="2025-04-19T00:34:54.742903" level="INFO">Process completed.</msg>
<arg>python3</arg>
<arg>scripts/rollback.py</arg>
<doc>Runs a process and waits for it to complete.</doc>
<status status="PASS" start="2025-04-19T00:34:54.500742" elapsed="0.242373"/>
</kw>
<kw name="Run Process" owner="Process">
<msg time="2025-04-19T00:34:54.743774" level="INFO">Starting process:
python3 scripts/validate_firmware.py</msg>
<msg time="2025-04-19T00:34:54.746554" level="INFO">Waiting for process to complete.</msg>
<msg time="2025-04-19T00:34:54.800678" level="INFO">Process completed.</msg>
<arg>python3</arg>
<arg>scripts/validate_firmware.py</arg>
<doc>Runs a process and waits for it to complete.</doc>
<status status="PASS" start="2025-04-19T00:34:54.743468" elapsed="0.057373"/>
</kw>
<kw name="Run Process" owner="Process">
<msg time="2025-04-19T00:34:54.801500" level="INFO">Starting process:
python3 scripts/checksum_validator.py</msg>
<msg time="2025-04-19T00:34:54.804204" level="INFO">Waiting for process to complete.</msg>
<msg time="2025-04-19T00:34:54.864883" level="INFO">Process completed.</msg>
<arg>python3</arg>
<arg>scripts/checksum_validator.py</arg>
<doc>Runs a process and waits for it to complete.</doc>
<status status="PASS" start="2025-04-19T00:34:54.801204" elapsed="0.063887"/>
</kw>
<status status="PASS" start="2025-04-19T00:34:54.379767" elapsed="0.485643"/>
</test>
<status status="PASS" start="2025-04-19T00:34:54.378203" elapsed="0.487492"/>
</suite>
<suite id="s1-s3" name="Firmware Update Test" source="/Users/raghav/Desktop/backend/cpap-firmware-simulator/tests/firmware_update_test.robot">
<test id="s1-s3-t1" name="Valid Firmware Update" line="6">
<kw name="Run Process" owner="Process">
<msg time="2025-04-19T00:34:54.868267" level="INFO">Starting process:
python3 scripts/firmware_updater.py</msg>
<msg time="2025-04-19T00:34:54.871204" level="INFO">Waiting for process to complete.</msg>
<msg time="2025-04-19T00:34:55.094898" level="INFO">Process completed.</msg>
<arg>python3</arg>
<arg>scripts/firmware_updater.py</arg>
<doc>Runs a process and waits for it to complete.</doc>
<status status="PASS" start="2025-04-19T00:34:54.868071" elapsed="0.227045"/>
</kw>
<kw name="Run Process" owner="Process">
<msg time="2025-04-19T00:34:55.095762" level="INFO">Starting process:
python3 scripts/validate_firmware.py</msg>
<msg time="2025-04-19T00:34:55.098490" level="INFO">Waiting for process to complete.</msg>
<msg time="2025-04-19T00:34:55.151903" level="INFO">Process completed.</msg>
<arg>python3</arg>
<arg>scripts/validate_firmware.py</arg>
<doc>Runs a process and waits for it to complete.</doc>
<status status="PASS" start="2025-04-19T00:34:55.095474" elapsed="0.056586"/>
</kw>
<kw name="Run Process" owner="Process">
<msg time="2025-04-19T00:34:55.152654" level="INFO">Starting process:
python3 scripts/checksum_validator.py</msg>
<msg time="2025-04-19T00:34:55.155392" level="INFO">Waiting for process to complete.</msg>
<msg time="2025-04-19T00:34:55.214344" level="INFO">Process completed.</msg>
<arg>python3</arg>
<arg>scripts/checksum_validator.py</arg>
<doc>Runs a process and waits for it to complete.</doc>
<status status="PASS" start="2025-04-19T00:34:55.152397" elapsed="0.062107"/>
</kw>
<status status="PASS" start="2025-04-19T00:34:54.867815" elapsed="0.346992"/>
</test>
<status status="PASS" start="2025-04-19T00:34:54.866008" elapsed="0.349046"/>
</suite>
<status status="PASS" start="2025-04-19T00:34:54.229349" elapsed="0.986046"/>
</suite>
<statistics>
<total>
<stat pass="3" fail="0" skip="0">All Tests</stat>
</total>
<tag>
</tag>
<suite>
<stat name="Tests" id="s1" pass="3" fail="0" skip="0">Tests</stat>
<stat name="Firmware Failure Test" id="s1-s1" pass="1" fail="0" skip="0">Tests.Firmware Failure Test</stat>
<stat name="Firmware Recovery Test" id="s1-s2" pass="1" fail="0" skip="0">Tests.Firmware Recovery Test</stat>
<stat name="Firmware Update Test" id="s1-s3" pass="1" fail="0" skip="0">Tests.Firmware Update Test</stat>
</suite>
</statistics>
<errors>
</errors>
</robot>
